<?xml version="1.0" encoding="UTF-8"?>
<!-- Generated by org.testng.reporters.JUnitReportReporter -->
<testsuite hostname="LTIN334072" failures="0" tests="3" name="APITestingUsingRestAssured.DynamicJson" time="2.619" errors="0" timestamp="2024-03-11T18:37:56 IST" skipped="0">
  <testcase classname="APITestingUsingRestAssured.DynamicJson" name="addBook" time="0.230"/>
  <testcase classname="APITestingUsingRestAssured.DynamicJson" name="addBook" time="0.229"/>
  <testcase classname="APITestingUsingRestAssured.DynamicJson" name="addBook" time="2.160"/>
</testsuite> <!-- APITestingUsingRestAssured.DynamicJson -->
