<?xml version="1.0" encoding="UTF-8"?>
<!-- Generated by org.testng.reporters.JUnitReportReporter -->
<testsuite hostname="LTIN334072" failures="0" tests="1" name="APITestingUsingRestAssured.SumValidation" time="1.483" errors="0" timestamp="2024-03-11T10:00:06 IST" skipped="0">
  <testcase classname="APITestingUsingRestAssured.SumValidation" name="sumOfCourses" time="1.483"/>
</testsuite> <!-- APITestingUsingRestAssured.SumValidation -->
